sxUnstallName=GoldWave v5.22
sxFile=C:\Program Files\GoldWave\unstall.log
sxFile=C:\Program Files\GoldWave\Effect\DirectX.pig
sxFile=C:\Program Files\GoldWave\File\FLACFile.pig
sxFile=C:\Program Files\GoldWave\File\libFLAC.dll
sxFile=C:\Program Files\GoldWave\File\libvorbis.dll
sxFile=C:\Program Files\GoldWave\File\OggFile.pig
sxFile=C:\Program Files\GoldWave\File\QTFile.pig
sxFile=C:\Program Files\GoldWave\File\WMAFile.pig
sxFile=C:\Program Files\GoldWave\GoldWave.chm
sxFile=C:\Program Files\GoldWave\GoldWave.exe
sxFile=C:\Program Files\GoldWave\GoldWave.exe.manifest
sxFile=C:\Program Files\GoldWave\goldwave.htm
sxFile=C:\Program Files\GoldWave\GWPreset.reg
sxFile=C:\Program Files\GoldWave\pad_file.htm
sxFile=C:\Program Files\GoldWave\pad_file.xml
sxFile=C:\Program Files\GoldWave\ReadMe.txt
sxFile=C:\Program Files\GoldWave\unstall.exe
sxFile=C:\Program Files\GoldWave\WhatsNew.txt
sxFile=C:\Users\Administrator\Desktop\GoldWave.lnk
sxFolder=C:\Users\Administrator\AppData\Roaming\Microsoft\Windows\Start Menu\Programs\GoldWave\
sxFile=C:\Users\Administrator\AppData\Roaming\Microsoft\Windows\Start Menu\Programs\GoldWave\GoldWave.lnk
sxFile=C:\Users\Administrator\AppData\Roaming\Microsoft\Windows\Start Menu\Programs\GoldWave\GoldWave Setup.lnk
sxFile=C:\Users\Administrator\AppData\Roaming\Microsoft\Windows\Start Menu\Programs\GoldWave\GoldWave Manual.lnk
sxFile=C:\Users\Administrator\AppData\Roaming\Microsoft\Windows\Start Menu\Programs\GoldWave\GoldWave Help.lnk
sxRegistry=Software\GoldWave\GoldWave
sxFile=C:\Program Files\GoldWave\GoldWave.gid
sxFile=C:\Program Files\GoldWave\lame_enc.dll
sxFile=C:\Program Files\GoldWave\GoldWave.exe.manifest
sxFolder=C:\Program Files\GoldWave\File\
sxFolder=C:\Program Files\GoldWave\Visual\
sxFolder=C:\Program Files\GoldWave\Effect\
sxRegistry=\LM\Software\GoldWave\GoldWave
sxFolder=C:\Program Files\GoldWave\
